[
  {
    "type": "text",
    "uuid": "85199194-3ac4-48e6-8ff9-d37cc2384f5c",
    "content": "Cats enigmatic that captivated beings thousands years their antics independent. are for agility keen instincts and ability land from falls attributed their andes Domicated, Fel c, a range personalities from lap toof, them companions to human. p, a of to cats their, a behavior to content, it also other such distress As, offer only but practical, as control while less than othericated. revered gods ancient or pets, hold special in hearts homes millions the",
    "completed": true
  },
  {
    "type": "text",
    "uuid": "85199194-3ac4-48e6-8ff9-d37cc2384f5c",
    "content": "Cats enigmatic that captivated beings thousands years their antics independent. are for agility keen instincts and ability land from falls attributed their andes Domicated, Fel c, a range personalities from lap toof, them companions to human. p, a of to cats their, a behavior to content, it also other such distress As, offer only but practical, as control while less than othericated. revered gods ancient or pets, hold special in hearts homes millions the",
    "completed": true
  },
  {
    "type": "text",
    "uuid": "85199194-3ac4-48e6-8ff9-d37cc2384f5c",
    "content": "Cats enigmatic that captivated beings thousands years their antics independent. are for agility keen instincts and ability land from falls attributed their andes Domicated, Fel c, a range personalities from lap toof, them companions to human. p, a of to cats their, a behavior to content, it also other such distress As, offer only but practical, as control while less than othericated. revered gods ancient or pets, hold special in hearts homes millions the",
    "completed": true
  },
  {
    "type": "text",
    "uuid": "85199194-3ac4-48e6-8ff9-d37cc2384f5c",
    "content": "Cats enigmatic that captivated beings thousands years their antics independent. are for agility keen instincts and ability land from falls attributed their andes Domicated, Fel c, a range personalities from lap toof, them companions to human. p, a of to cats their, a behavior to content, it also other such distress As, offer only but practical, as control while less than othericated. revered gods ancient or pets, hold special in hearts homes millions the",
    "completed": true
  },
  {
    "type": "text",
    "uuid": "85199194-3ac4-48e6-8ff9-d37cc2384f5c",
    "content": "Cats enigmatic that captivated beings thousands years their antics independent. are for agility keen instincts and ability land from falls attributed their andes Domicated, Fel c, a range personalities from lap toof, them companions to human. p, a of to cats their, a behavior to content, it also other such distress As, offer only but practical, as control while less than othericated. revered gods ancient or pets, hold special in hearts homes millions the",
    "completed": true
  }
]